2024-01-14 02:14:01 info: Incoming request: POST /users/ [object Object]
2024-01-14 02:16:04 info: Incoming request: POST /users/ Body: {"name":"Hello There","email":"hello.there@example.com"}
2024-01-14 02:17:12 info: Incoming request: POST /users/ Body: {"name":"Hello There","email":"hello.there@example.com"} Response: undefined
2024-01-14 02:20:16 info: Response: POST / Body: {"id":7,"name":"Hello There","email":"hello.there@example.com","updatedAt":"2024-01-13T20:50:16.914Z","createdAt":"2024-01-13T20:50:16.914Z"}
2024-01-14 12:53:48 info: Incoming request: GET /users Body: {}
2024-01-14 12:53:56 info: Incoming request: GET /users/2 Body: {}
2024-01-14 12:57:18 info: Incoming request: GET /users Body: {}
2024-01-14 12:57:23 info: Incoming request: GET /users/2 Body: {}
2024-01-14 12:57:50 info: Incoming request: GET /users/2 Body: {}
2024-01-14 12:59:13 info: Incoming request: GET /users/2 Body: {}
2024-01-14 13:00:32 info: Incoming request: GET /users/2 Body: {}
2024-01-14 13:00:45 info: Incoming request: GET /users/user/2 Body: {}
2024-01-14 13:05:11 info: Incoming request: GET /users/2 Body: {}
2024-01-14 13:06:18 info: Incoming request: GET /users/2 Body: {}
2024-01-14 13:08:23 info: Incoming request: GET /users/2 Body: {}
2024-01-14 13:10:30 info: Incoming request: GET /users/2 Body: {}
2024-01-14 13:10:34 info: Incoming request: GET /users/2 Body: {}
2024-01-14 13:10:36 info: Incoming request: GET /users/2 Body: {}
2024-01-14 13:10:36 info: Incoming request: GET /users/2 Body: {}
2024-01-14 13:11:20 info: Incoming request: GET /users/2 Body: {}
2024-01-14 13:11:29 info: Incoming request: GET /users/4 Body: {}
2024-01-14 13:11:38 info: Incoming request: GET /users/1 Body: {}
2024-01-14 13:11:40 info: Incoming request: GET /users/1 Body: {}
2024-01-14 13:11:41 info: Incoming request: GET /users/1 Body: {}
2024-01-14 13:11:42 info: Incoming request: GET /users/1 Body: {}
2024-01-14 13:11:43 info: Incoming request: GET /users/1 Body: {}
2024-01-14 13:26:37 info: Incoming request: GET /users/5 Body: {}
2024-01-14 13:27:00 info: Incoming request: GET /users/5 Body: {}
2024-01-14 13:27:06 info: Incoming request: PUT /users Body: {"id":5,"name":"Advik Raj","email":"john.doe@example.com","createdAt":"2024-01-13T18:12:27.000Z","updatedAt":"2024-01-13T18:12:27.000Z"}
2024-01-14 13:30:07 info: Incoming request: PUT /users/5 Body: {"id":5,"name":"Advik Raj","email":"john.doe@example.com","createdAt":"2024-01-13T18:12:27.000Z","updatedAt":"2024-01-13T18:12:27.000Z"}
2024-01-14 13:31:37 info: Incoming request: GET /users/5 Body: {}
2024-01-14 15:37:13 info: Incoming request: POST /users/ Body: {"name":"Hello There","email":12}
2024-01-14 15:37:17 info: Incoming request: POST /users/ Body: {"name":"Hello There","email":"hello.there@example.com"}
2024-01-14 15:37:38 info: Incoming request: POST /users/ Body: {"name":"Hello There","email":"hello.there@example.com"}
2024-01-14 15:38:06 info: Incoming request: GET /users/5 Body: {}
2024-01-14 15:38:09 info: Incoming request: GET /users/5 Body: {}
2024-01-14 15:38:34 info: Incoming request: GET /users/5 Body: {}
